{"/Users/soniavilleda/Projects/node/02-bases/src/js-foundation/01-template.ts": {"path":"/Users/soniavilleda/Projects/node/02-bases/src/js-foundation/01-template.ts","all":false,"statementMap":{"0":{"start":{"line":1,"column":0},"end":{"line":1,"column":30}},"1":{"start":{"line":2,"column":0},"end":{"line":2,"column":7}},"2":{"start":{"line":3,"column":0},"end":{"line":3,"column":25}},"3":{"start":{"line":4,"column":0},"end":{"line":4,"column":36}},"4":{"start":{"line":5,"column":0},"end":{"line":5,"column":32}},"5":{"start":{"line":6,"column":0},"end":{"line":6,"column":8}},"6":{"start":{"line":7,"column":0},"end":{"line":7,"column":2}}},"s":{"0":1,"1":1,"2":1,"3":1,"4":1,"5":1,"6":1},"branchMap":{},"b":{},"fnMap":{},"f":{}}
,"/Users/soniavilleda/Projects/node/02-bases/src/js-foundation/02-destructuring.ts": {"path":"/Users/soniavilleda/Projects/node/02-bases/src/js-foundation/02-destructuring.ts","all":false,"statementMap":{"0":{"start":{"line":1,"column":0},"end":{"line":1,"column":28}},"1":{"start":{"line":2,"column":0},"end":{"line":2,"column":0}},"2":{"start":{"line":3,"column":0},"end":{"line":3,"column":69}},"3":{"start":{"line":4,"column":0},"end":{"line":4,"column":0}},"4":{"start":{"line":5,"column":0},"end":{"line":5,"column":67}},"5":{"start":{"line":6,"column":0},"end":{"line":6,"column":0}},"6":{"start":{"line":7,"column":0},"end":{"line":7,"column":75}},"7":{"start":{"line":8,"column":0},"end":{"line":8,"column":0}},"8":{"start":{"line":9,"column":0},"end":{"line":9,"column":34}},"9":{"start":{"line":10,"column":0},"end":{"line":10,"column":0}},"10":{"start":{"line":11,"column":0},"end":{"line":11,"column":23}}},"s":{"0":1,"1":1,"2":1,"3":1,"4":1,"5":1,"6":1,"7":1,"8":1,"9":1,"10":1},"branchMap":{},"b":{},"fnMap":{},"f":{}}
,"/Users/soniavilleda/Projects/node/02-bases/src/js-foundation/03-callbacks.ts": {"path":"/Users/soniavilleda/Projects/node/02-bases/src/js-foundation/03-callbacks.ts","all":false,"statementMap":{"0":{"start":{"line":1,"column":0},"end":{"line":1,"column":16}},"1":{"start":{"line":2,"column":0},"end":{"line":2,"column":13}},"2":{"start":{"line":3,"column":0},"end":{"line":3,"column":15}},"3":{"start":{"line":4,"column":0},"end":{"line":4,"column":1}},"4":{"start":{"line":5,"column":0},"end":{"line":5,"column":0}},"5":{"start":{"line":6,"column":0},"end":{"line":6,"column":23}},"6":{"start":{"line":7,"column":0},"end":{"line":7,"column":3}},"7":{"start":{"line":8,"column":0},"end":{"line":8,"column":10}},"8":{"start":{"line":9,"column":0},"end":{"line":9,"column":21}},"9":{"start":{"line":10,"column":0},"end":{"line":10,"column":4}},"10":{"start":{"line":11,"column":0},"end":{"line":11,"column":3}},"11":{"start":{"line":12,"column":0},"end":{"line":12,"column":10}},"12":{"start":{"line":13,"column":0},"end":{"line":13,"column":21}},"13":{"start":{"line":14,"column":0},"end":{"line":14,"column":4}},"14":{"start":{"line":15,"column":0},"end":{"line":15,"column":2}},"15":{"start":{"line":16,"column":0},"end":{"line":16,"column":0}},"16":{"start":{"line":17,"column":0},"end":{"line":17,"column":28}},"17":{"start":{"line":18,"column":0},"end":{"line":18,"column":13}},"18":{"start":{"line":19,"column":0},"end":{"line":19,"column":48}},"19":{"start":{"line":20,"column":0},"end":{"line":20,"column":3}},"20":{"start":{"line":21,"column":0},"end":{"line":21,"column":43}},"21":{"start":{"line":22,"column":0},"end":{"line":22,"column":26}},"22":{"start":{"line":23,"column":0},"end":{"line":23,"column":5}},"23":{"start":{"line":24,"column":0},"end":{"line":24,"column":0}},"24":{"start":{"line":25,"column":0},"end":{"line":25,"column":14}},"25":{"start":{"line":26,"column":0},"end":{"line":26,"column":52}},"26":{"start":{"line":27,"column":0},"end":{"line":27,"column":3}},"27":{"start":{"line":28,"column":0},"end":{"line":28,"column":0}},"28":{"start":{"line":29,"column":0},"end":{"line":29,"column":35}},"29":{"start":{"line":30,"column":0},"end":{"line":30,"column":1}}},"s":{"0":1,"1":1,"2":1,"3":1,"4":1,"5":1,"6":1,"7":1,"8":1,"9":1,"10":1,"11":1,"12":1,"13":1,"14":1,"15":1,"16":2,"17":2,"18":2,"19":2,"20":2,"21":3,"22":2,"23":2,"24":2,"25":1,"26":1,"27":1,"28":1,"29":1},"branchMap":{"0":{"type":"branch","line":17,"loc":{"start":{"line":17,"column":0},"end":{"line":30,"column":1}},"locations":[{"start":{"line":17,"column":0},"end":{"line":30,"column":1}}]},"1":{"type":"branch","line":25,"loc":{"start":{"line":25,"column":13},"end":{"line":30,"column":1}},"locations":[{"start":{"line":25,"column":13},"end":{"line":30,"column":1}}]},"2":{"type":"branch","line":21,"loc":{"start":{"line":21,"column":26},"end":{"line":23,"column":3}},"locations":[{"start":{"line":21,"column":26},"end":{"line":23,"column":3}}]}},"b":{"0":[2],"1":[1],"2":[3]},"fnMap":{"0":{"name":"getUserById","decl":{"start":{"line":17,"column":0},"end":{"line":30,"column":1}},"loc":{"start":{"line":17,"column":0},"end":{"line":30,"column":1}},"line":17}},"f":{"0":2}}
,"/Users/soniavilleda/Projects/node/02-bases/src/js-foundation/05-factory.ts": {"path":"/Users/soniavilleda/Projects/node/02-bases/src/js-foundation/05-factory.ts","all":false,"statementMap":{"0":{"start":{"line":1,"column":0},"end":{"line":1,"column":33}},"1":{"start":{"line":2,"column":0},"end":{"line":2,"column":24}},"2":{"start":{"line":3,"column":0},"end":{"line":3,"column":40}},"3":{"start":{"line":4,"column":0},"end":{"line":4,"column":1}},"4":{"start":{"line":5,"column":0},"end":{"line":5,"column":0}},"5":{"start":{"line":6,"column":0},"end":{"line":6,"column":24}},"6":{"start":{"line":7,"column":0},"end":{"line":7,"column":15}},"7":{"start":{"line":8,"column":0},"end":{"line":8,"column":20}},"8":{"start":{"line":9,"column":0},"end":{"line":9,"column":1}},"9":{"start":{"line":10,"column":0},"end":{"line":10,"column":0}},"10":{"start":{"line":11,"column":0},"end":{"line":11,"column":80}},"11":{"start":{"line":12,"column":0},"end":{"line":12,"column":49}},"12":{"start":{"line":13,"column":0},"end":{"line":13,"column":12}},"13":{"start":{"line":14,"column":0},"end":{"line":14,"column":20}},"14":{"start":{"line":15,"column":0},"end":{"line":15,"column":11}},"15":{"start":{"line":16,"column":0},"end":{"line":16,"column":16}},"16":{"start":{"line":17,"column":0},"end":{"line":17,"column":29}},"17":{"start":{"line":18,"column":0},"end":{"line":18,"column":6}},"18":{"start":{"line":19,"column":0},"end":{"line":19,"column":4}},"19":{"start":{"line":20,"column":0},"end":{"line":20,"column":2}}},"s":{"0":1,"1":1,"2":1,"3":1,"4":1,"5":1,"6":1,"7":1,"8":1,"9":1,"10":1,"11":2,"12":1,"13":1,"14":1,"15":1,"16":1,"17":1,"18":2,"19":2},"branchMap":{"0":{"type":"branch","line":11,"loc":{"start":{"line":11,"column":31},"end":{"line":20,"column":2}},"locations":[{"start":{"line":11,"column":31},"end":{"line":20,"column":2}}]},"1":{"type":"branch","line":12,"loc":{"start":{"line":12,"column":9},"end":{"line":19,"column":3}},"locations":[{"start":{"line":12,"column":9},"end":{"line":19,"column":3}}]}},"b":{"0":[2],"1":[1]},"fnMap":{"0":{"name":"buildMakePerson","decl":{"start":{"line":11,"column":31},"end":{"line":20,"column":2}},"loc":{"start":{"line":11,"column":31},"end":{"line":20,"column":2}},"line":11}},"f":{"0":2}}
,"/Users/soniavilleda/Projects/node/02-bases/src/js-foundation/06-promises.ts": {"path":"/Users/soniavilleda/Projects/node/02-bases/src/js-foundation/06-promises.ts","all":false,"statementMap":{"0":{"start":{"line":1,"column":0},"end":{"line":1,"column":79}},"1":{"start":{"line":2,"column":0},"end":{"line":2,"column":0}},"2":{"start":{"line":3,"column":0},"end":{"line":3,"column":79}},"3":{"start":{"line":4,"column":0},"end":{"line":4,"column":7}},"4":{"start":{"line":5,"column":0},"end":{"line":5,"column":58}},"5":{"start":{"line":6,"column":0},"end":{"line":6,"column":46}},"6":{"start":{"line":7,"column":0},"end":{"line":7,"column":24}},"7":{"start":{"line":8,"column":0},"end":{"line":8,"column":19}},"8":{"start":{"line":9,"column":0},"end":{"line":9,"column":44}},"9":{"start":{"line":10,"column":0},"end":{"line":10,"column":3}},"10":{"start":{"line":11,"column":0},"end":{"line":11,"column":2}}},"s":{"0":1,"1":1,"2":1,"3":2,"4":2,"5":2,"6":1,"7":1,"8":1,"9":1,"10":2},"branchMap":{"0":{"type":"branch","line":3,"loc":{"start":{"line":3,"column":30},"end":{"line":11,"column":2}},"locations":[{"start":{"line":3,"column":30},"end":{"line":11,"column":2}}]},"1":{"type":"branch","line":7,"loc":{"start":{"line":7,"column":-1},"end":{"line":10,"column":3}},"locations":[{"start":{"line":7,"column":-1},"end":{"line":10,"column":3}}]}},"b":{"0":[2],"1":[1]},"fnMap":{"0":{"name":"getPokemonById","decl":{"start":{"line":3,"column":30},"end":{"line":11,"column":2}},"loc":{"start":{"line":3,"column":30},"end":{"line":11,"column":2}},"line":3}},"f":{"0":2}}
,"/Users/soniavilleda/Projects/node/02-bases/src/plugins/get-age.plugin.ts": {"path":"/Users/soniavilleda/Projects/node/02-bases/src/plugins/get-age.plugin.ts","all":false,"statementMap":{"0":{"start":{"line":1,"column":0},"end":{"line":1,"column":43}},"1":{"start":{"line":2,"column":0},"end":{"line":2,"column":0}},"2":{"start":{"line":3,"column":0},"end":{"line":3,"column":46}},"3":{"start":{"line":4,"column":0},"end":{"line":4,"column":60}},"4":{"start":{"line":5,"column":0},"end":{"line":5,"column":0}},"5":{"start":{"line":6,"column":0},"end":{"line":6,"column":70}},"6":{"start":{"line":7,"column":0},"end":{"line":7,"column":2}}},"s":{"0":1,"1":1,"2":1,"3":3,"4":3,"5":3,"6":3},"branchMap":{"0":{"type":"branch","line":3,"loc":{"start":{"line":3,"column":22},"end":{"line":7,"column":2}},"locations":[{"start":{"line":3,"column":22},"end":{"line":7,"column":2}}]}},"b":{"0":[3]},"fnMap":{"0":{"name":"getAge","decl":{"start":{"line":3,"column":22},"end":{"line":7,"column":2}},"loc":{"start":{"line":3,"column":22},"end":{"line":7,"column":2}},"line":3}},"f":{"0":3}}
,"/Users/soniavilleda/Projects/node/02-bases/src/plugins/get-id.plugin.ts": {"path":"/Users/soniavilleda/Projects/node/02-bases/src/plugins/get-id.plugin.ts","all":false,"statementMap":{"0":{"start":{"line":1,"column":0},"end":{"line":1,"column":36}},"1":{"start":{"line":2,"column":0},"end":{"line":2,"column":37}},"2":{"start":{"line":3,"column":0},"end":{"line":3,"column":0}},"3":{"start":{"line":4,"column":0},"end":{"line":4,"column":30}},"4":{"start":{"line":5,"column":0},"end":{"line":5,"column":18}},"5":{"start":{"line":6,"column":0},"end":{"line":6,"column":2}}},"s":{"0":1,"1":1,"2":1,"3":1,"4":1,"5":1},"branchMap":{"0":{"type":"branch","line":4,"loc":{"start":{"line":4,"column":23},"end":{"line":6,"column":2}},"locations":[{"start":{"line":4,"column":23},"end":{"line":6,"column":2}}]}},"b":{"0":[1]},"fnMap":{"0":{"name":"getUUID","decl":{"start":{"line":4,"column":23},"end":{"line":6,"column":2}},"loc":{"start":{"line":4,"column":23},"end":{"line":6,"column":2}},"line":4}},"f":{"0":1}}
,"/Users/soniavilleda/Projects/node/02-bases/src/plugins/http-client.plugin.ts": {"path":"/Users/soniavilleda/Projects/node/02-bases/src/plugins/http-client.plugin.ts","all":false,"statementMap":{"0":{"start":{"line":1,"column":0},"end":{"line":1,"column":26}},"1":{"start":{"line":2,"column":0},"end":{"line":2,"column":0}},"2":{"start":{"line":3,"column":0},"end":{"line":3,"column":33}},"3":{"start":{"line":4,"column":0},"end":{"line":4,"column":31}},"4":{"start":{"line":5,"column":0},"end":{"line":5,"column":42}},"5":{"start":{"line":6,"column":0},"end":{"line":6,"column":16}},"6":{"start":{"line":7,"column":0},"end":{"line":7,"column":4}},"7":{"start":{"line":8,"column":0},"end":{"line":8,"column":43}},"8":{"start":{"line":9,"column":0},"end":{"line":9,"column":39}},"9":{"start":{"line":10,"column":0},"end":{"line":10,"column":4}},"10":{"start":{"line":11,"column":0},"end":{"line":11,"column":42}},"11":{"start":{"line":12,"column":0},"end":{"line":12,"column":39}},"12":{"start":{"line":13,"column":0},"end":{"line":13,"column":4}},"13":{"start":{"line":14,"column":0},"end":{"line":14,"column":34}},"14":{"start":{"line":15,"column":0},"end":{"line":15,"column":39}},"15":{"start":{"line":16,"column":0},"end":{"line":16,"column":4}},"16":{"start":{"line":17,"column":0},"end":{"line":17,"column":2}}},"s":{"0":1,"1":1,"2":1,"3":1,"4":3,"5":2,"6":1,"7":1,"8":0,"9":1,"10":1,"11":0,"12":1,"13":1,"14":0,"15":1,"16":1},"branchMap":{"0":{"type":"branch","line":4,"loc":{"start":{"line":4,"column":7},"end":{"line":7,"column":3}},"locations":[{"start":{"line":4,"column":7},"end":{"line":7,"column":3}}]},"1":{"type":"branch","line":6,"loc":{"start":{"line":6,"column":-1},"end":{"line":7,"column":3}},"locations":[{"start":{"line":6,"column":-1},"end":{"line":7,"column":3}}]}},"b":{"0":[3],"1":[2]},"fnMap":{"0":{"name":"get","decl":{"start":{"line":4,"column":7},"end":{"line":7,"column":3}},"loc":{"start":{"line":4,"column":7},"end":{"line":7,"column":3}},"line":4},"1":{"name":"post","decl":{"start":{"line":8,"column":8},"end":{"line":10,"column":3}},"loc":{"start":{"line":8,"column":8},"end":{"line":10,"column":3}},"line":8},"2":{"name":"put","decl":{"start":{"line":11,"column":7},"end":{"line":13,"column":3}},"loc":{"start":{"line":11,"column":7},"end":{"line":13,"column":3}},"line":11},"3":{"name":"delete","decl":{"start":{"line":14,"column":10},"end":{"line":16,"column":3}},"loc":{"start":{"line":14,"column":10},"end":{"line":16,"column":3}},"line":14}},"f":{"0":3,"1":0,"2":0,"3":0}}
,"/Users/soniavilleda/Projects/node/02-bases/src/plugins/index.ts": {"path":"/Users/soniavilleda/Projects/node/02-bases/src/plugins/index.ts","all":false,"statementMap":{"0":{"start":{"line":1,"column":0},"end":{"line":1,"column":42}},"1":{"start":{"line":2,"column":0},"end":{"line":2,"column":42}},"2":{"start":{"line":3,"column":0},"end":{"line":3,"column":70}},"3":{"start":{"line":4,"column":0},"end":{"line":4,"column":54}}},"s":{"0":1,"1":1,"2":1,"3":1},"branchMap":{"0":{"type":"branch","line":1,"loc":{"start":{"line":1,"column":9},"end":{"line":1,"column":42}},"locations":[{"start":{"line":1,"column":9},"end":{"line":1,"column":42}}]},"1":{"type":"branch","line":2,"loc":{"start":{"line":2,"column":9},"end":{"line":2,"column":42}},"locations":[{"start":{"line":2,"column":9},"end":{"line":2,"column":42}}]},"2":{"type":"branch","line":3,"loc":{"start":{"line":3,"column":9},"end":{"line":3,"column":39}},"locations":[{"start":{"line":3,"column":9},"end":{"line":3,"column":39}}]},"3":{"type":"branch","line":4,"loc":{"start":{"line":4,"column":9},"end":{"line":4,"column":22}},"locations":[{"start":{"line":4,"column":9},"end":{"line":4,"column":22}}]},"4":{"type":"branch","line":4,"loc":{"start":{"line":4,"column":22},"end":{"line":4,"column":54}},"locations":[{"start":{"line":4,"column":22},"end":{"line":4,"column":54}}]}},"b":{"0":[3],"1":[1],"2":[5],"3":[3],"4":[2]},"fnMap":{"0":{"name":"get","decl":{"start":{"line":1,"column":9},"end":{"line":1,"column":42}},"loc":{"start":{"line":1,"column":9},"end":{"line":1,"column":42}},"line":1},"1":{"name":"get","decl":{"start":{"line":2,"column":9},"end":{"line":2,"column":42}},"loc":{"start":{"line":2,"column":9},"end":{"line":2,"column":42}},"line":2},"2":{"name":"get","decl":{"start":{"line":3,"column":9},"end":{"line":3,"column":39}},"loc":{"start":{"line":3,"column":9},"end":{"line":3,"column":39}},"line":3},"3":{"name":"get","decl":{"start":{"line":4,"column":9},"end":{"line":4,"column":22}},"loc":{"start":{"line":4,"column":9},"end":{"line":4,"column":22}},"line":4},"4":{"name":"get","decl":{"start":{"line":4,"column":22},"end":{"line":4,"column":54}},"loc":{"start":{"line":4,"column":22},"end":{"line":4,"column":54}},"line":4}},"f":{"0":3,"1":1,"2":5,"3":3,"4":2}}
,"/Users/soniavilleda/Projects/node/02-bases/src/plugins/logger.plugin.ts": {"path":"/Users/soniavilleda/Projects/node/02-bases/src/plugins/logger.plugin.ts","all":false,"statementMap":{"0":{"start":{"line":1,"column":0},"end":{"line":1,"column":42}},"1":{"start":{"line":2,"column":0},"end":{"line":2,"column":0}},"2":{"start":{"line":3,"column":0},"end":{"line":3,"column":44}},"3":{"start":{"line":4,"column":0},"end":{"line":4,"column":0}},"4":{"start":{"line":5,"column":0},"end":{"line":5,"column":44}},"5":{"start":{"line":6,"column":0},"end":{"line":6,"column":16}},"6":{"start":{"line":7,"column":0},"end":{"line":7,"column":39}},"7":{"start":{"line":8,"column":0},"end":{"line":8,"column":46}},"8":{"start":{"line":9,"column":0},"end":{"line":9,"column":15}},"9":{"start":{"line":10,"column":0},"end":{"line":10,"column":6}},"10":{"start":{"line":11,"column":0},"end":{"line":11,"column":81}},"11":{"start":{"line":12,"column":0},"end":{"line":12,"column":51}},"12":{"start":{"line":13,"column":0},"end":{"line":13,"column":6}},"13":{"start":{"line":14,"column":0},"end":{"line":14,"column":75}},"14":{"start":{"line":15,"column":0},"end":{"line":15,"column":6}},"15":{"start":{"line":16,"column":0},"end":{"line":16,"column":83}},"16":{"start":{"line":17,"column":0},"end":{"line":17,"column":60}},"17":{"start":{"line":18,"column":0},"end":{"line":18,"column":6}},"18":{"start":{"line":19,"column":0},"end":{"line":19,"column":62}},"19":{"start":{"line":20,"column":0},"end":{"line":20,"column":4}},"20":{"start":{"line":21,"column":0},"end":{"line":21,"column":3}},"21":{"start":{"line":22,"column":0},"end":{"line":22,"column":0}},"22":{"start":{"line":23,"column":0},"end":{"line":23,"column":11}},"23":{"start":{"line":24,"column":0},"end":{"line":24,"column":34}},"24":{"start":{"line":25,"column":0},"end":{"line":25,"column":36}},"25":{"start":{"line":26,"column":0},"end":{"line":26,"column":5}},"26":{"start":{"line":27,"column":0},"end":{"line":27,"column":2}},"27":{"start":{"line":28,"column":0},"end":{"line":28,"column":0}},"28":{"start":{"line":29,"column":0},"end":{"line":29,"column":49}},"29":{"start":{"line":30,"column":0},"end":{"line":30,"column":10}},"30":{"start":{"line":31,"column":0},"end":{"line":31,"column":31}},"31":{"start":{"line":32,"column":0},"end":{"line":32,"column":47}},"32":{"start":{"line":33,"column":0},"end":{"line":33,"column":6}},"33":{"start":{"line":34,"column":0},"end":{"line":34,"column":33}},"34":{"start":{"line":35,"column":0},"end":{"line":35,"column":29}},"35":{"start":{"line":36,"column":0},"end":{"line":36,"column":16}},"36":{"start":{"line":37,"column":0},"end":{"line":37,"column":16}},"37":{"start":{"line":38,"column":0},"end":{"line":38,"column":9}},"38":{"start":{"line":39,"column":0},"end":{"line":39,"column":6}},"39":{"start":{"line":40,"column":0},"end":{"line":40,"column":4}},"40":{"start":{"line":41,"column":0},"end":{"line":41,"column":2}}},"s":{"0":1,"1":1,"2":1,"3":1,"4":1,"5":1,"6":1,"7":1,"8":1,"9":1,"10":1,"11":1,"12":1,"13":1,"14":1,"15":1,"16":1,"17":1,"18":1,"19":1,"20":1,"21":1,"22":1,"23":1,"24":1,"25":1,"26":1,"27":1,"28":1,"29":3,"30":3,"31":1,"32":3,"33":3,"34":1,"35":1,"36":1,"37":1,"38":3,"39":3,"40":3},"branchMap":{"0":{"type":"branch","line":29,"loc":{"start":{"line":29,"column":27},"end":{"line":41,"column":2}},"locations":[{"start":{"line":29,"column":27},"end":{"line":41,"column":2}}]},"1":{"type":"branch","line":31,"loc":{"start":{"line":31,"column":9},"end":{"line":33,"column":5}},"locations":[{"start":{"line":31,"column":9},"end":{"line":33,"column":5}}]},"2":{"type":"branch","line":34,"loc":{"start":{"line":34,"column":11},"end":{"line":39,"column":5}},"locations":[{"start":{"line":34,"column":11},"end":{"line":39,"column":5}}]}},"b":{"0":[3],"1":[1],"2":[1]},"fnMap":{"0":{"name":"buildLogger","decl":{"start":{"line":29,"column":27},"end":{"line":41,"column":2}},"loc":{"start":{"line":29,"column":27},"end":{"line":41,"column":2}},"line":29},"1":{"name":"log","decl":{"start":{"line":31,"column":9},"end":{"line":33,"column":5}},"loc":{"start":{"line":31,"column":9},"end":{"line":33,"column":5}},"line":31},"2":{"name":"error","decl":{"start":{"line":34,"column":11},"end":{"line":39,"column":5}},"loc":{"start":{"line":34,"column":11},"end":{"line":39,"column":5}},"line":34}},"f":{"0":3,"1":1,"2":1}}
}
